0000-0cf7 : PCI Bus 0000:00
  0000-001f : dma1
  0020-0021 : pic1
  0040-0043 : timer0
  004f-004f : smapi
  0050-0053 : timer1
  0060-0060 : keyboard
  0061-0061 : PNP0800:00
  0062-0062 : PNP0C09:00
    0062-0062 : EC data
  0064-0064 : keyboard
  0066-0066 : PNP0C09:00
    0066-0066 : EC cmd
  0070-0071 : rtc0
  0080-008f : dma page reg
  00a0-00a1 : pic2
  00b2-00b2 : smapi
  00c0-00df : dma2
  00f0-00ff : fpu
    00f0-00f0 : PNP0C04:00
  03c0-03df : vesafb
  0800-080f : pnp 00:01
0cf8-0cff : PCI conf1
0d00-ffff : PCI Bus 0000:00
  1000-107f : pnp 00:01
    1000-1003 : ACPI PM1a_EVT_BLK
    1004-1005 : ACPI PM1a_CNT_BLK
    1008-100b : ACPI PM_TMR
    1020-102f : ACPI GPE0_BLK
    1030-1033 : iTCO_wdt.1.auto
      1030-1033 : iTCO_wdt
    1050-1050 : ACPI PM2_CNT_BLK
    1060-107f : iTCO_wdt.1.auto
      1060-107f : iTCO_wdt
  1180-11ff : pnp 00:01
  15e0-15ef : pnp 00:01
  1600-1641 : pnp 00:01
    1600-161f : thinkpad_ec
  164e-164f : pnp 00:01
  1800-1807 : 0000:00:02.0
  1808-180b : 0000:00:16.2
    1808-180b : ata_generic
  180c-180f : 0000:00:16.2
    180c-180f : ata_generic
  1810-181f : 0000:00:16.2
    1810-181f : ata_generic
  1820-1827 : 0000:00:16.2
    1820-1827 : ata_generic
  1828-182f : 0000:00:16.2
    1828-182f : ata_generic
  1830-1837 : 0000:00:16.3
  1838-183b : 0000:00:1f.2
    1838-183b : ahci
  183c-183f : 0000:00:1f.2
    183c-183f : ahci
  1840-185f : 0000:00:19.0
  1860-187f : 0000:00:1f.2
    1860-187f : ahci
  1880-1887 : 0000:00:1f.2
    1880-1887 : ahci
  1888-188f : 0000:00:1f.2
    1888-188f : ahci
  18a0-18bf : 0000:00:1f.3
    18a0-18bf : i801_smbus
